<?xml version="1.0" encoding="UTF-8"?>
<testng-results skipped="0" failed="1" ignored="0" total="6" passed="5">
  <reporter-output>
  </reporter-output>
  <suite name="Default suite" duration-ms="110699" started-at="2019-10-29T19:51:40 EET" finished-at="2019-10-29T19:53:31 EET">
    <groups>
    </groups>
    <test name="Default test" duration-ms="110699" started-at="2019-10-29T19:51:40 EET" finished-at="2019-10-29T19:53:31 EET">
      <class name="TestClass">
        <test-method status="PASS" signature="AnaSayfa()[pri:1, instance:TestClass@cd2dae5]" name="AnaSayfa" duration-ms="25751" started-at="2019-10-29T19:51:40 EET" finished-at="2019-10-29T19:52:06 EET">
          <reporter-output>
          </reporter-output>
        </test-method> <!-- AnaSayfa -->
        <test-method status="PASS" signature="LoginSayfasi()[pri:2, instance:TestClass@cd2dae5]" name="LoginSayfasi" duration-ms="23136" started-at="2019-10-29T19:52:06 EET" finished-at="2019-10-29T19:52:29 EET">
          <reporter-output>
          </reporter-output>
        </test-method> <!-- LoginSayfasi -->
        <test-method status="PASS" signature="AramaCubugu()[pri:3, instance:TestClass@cd2dae5]" name="AramaCubugu" duration-ms="8649" started-at="2019-10-29T19:52:29 EET" finished-at="2019-10-29T19:52:38 EET">
          <reporter-output>
          </reporter-output>
        </test-method> <!-- AramaCubugu -->
        <test-method status="PASS" signature="SamsungSonuclari()[pri:4, instance:TestClass@cd2dae5]" name="SamsungSonuclari" duration-ms="22328" started-at="2019-10-29T19:52:38 EET" finished-at="2019-10-29T19:53:00 EET">
          <reporter-output>
          </reporter-output>
        </test-method> <!-- SamsungSonuclari -->
        <test-method status="PASS" signature="SamsungSonuclari2()[pri:5, instance:TestClass@cd2dae5]" name="SamsungSonuclari2" duration-ms="30425" started-at="2019-10-29T19:53:00 EET" finished-at="2019-10-29T19:53:31 EET">
          <reporter-output>
          </reporter-output>
        </test-method> <!-- SamsungSonuclari2 -->
        <test-method status="FAIL" signature="son()[pri:6, instance:TestClass@cd2dae5]" name="son" duration-ms="282" started-at="2019-10-29T19:53:31 EET" finished-at="2019-10-29T19:53:31 EET">
          <exception class="org.openqa.selenium.NoSuchElementException">
            <message>
              <![CDATA[no such element: Unable to locate element: {"method":"xpath","selector":"/html/body/div[2]/header/div/div[1]/div[4]/div[2]/div[2]/div/div[2]/a[21]/span"}
  (Session info: chrome=77.0.3865.120)
For documentation on this error, please visit: https://www.seleniumhq.org/exceptions/no_such_element.html
Build info: version: '3.141.59', revision: 'e82be7d358', time: '2018-11-14T08:17:03'
System info: host: 'DESKTOP-J79O4OK', ip: '192.168.1.42', os.name: 'Windows 10', os.arch: 'amd64', os.version: '10.0', java.version: '1.8.0_211'
Driver info: org.openqa.selenium.chrome.ChromeDriver
Capabilities {acceptInsecureCerts: false, browserName: chrome, browserVersion: 77.0.3865.120, chrome: {chromedriverVersion: 77.0.3865.40 (f484704e052e0..., userDataDir: C:\Users\Zeynep\AppData\Loc...}, goog:chromeOptions: {debuggerAddress: localhost:50756}, javascriptEnabled: true, networkConnectionEnabled: false, pageLoadStrategy: normal, platform: XP, platformName: XP, proxy: Proxy(), setWindowRect: true, strictFileInteractability: false, timeouts: {implicit: 0, pageLoad: 300000, script: 30000}, unhandledPromptBehavior: dismiss and notify}
Session ID: 21044c80420cac4d26b321a76c843a4e
*** Element info: {Using=xpath, value=/html/body/div[2]/header/div/div[1]/div[4]/div[2]/div[2]/div/div[2]/a[21]/span}]]>
            </message>
            <full-stacktrace>
              <![CDATA[org.openqa.selenium.NoSuchElementException: no such element: Unable to locate element: {"method":"xpath","selector":"/html/body/div[2]/header/div/div[1]/div[4]/div[2]/div[2]/div/div[2]/a[21]/span"}
  (Session info: chrome=77.0.3865.120)
For documentation on this error, please visit: https://www.seleniumhq.org/exceptions/no_such_element.html
Build info: version: '3.141.59', revision: 'e82be7d358', time: '2018-11-14T08:17:03'
System info: host: 'DESKTOP-J79O4OK', ip: '192.168.1.42', os.name: 'Windows 10', os.arch: 'amd64', os.version: '10.0', java.version: '1.8.0_211'
Driver info: org.openqa.selenium.chrome.ChromeDriver
Capabilities {acceptInsecureCerts: false, browserName: chrome, browserVersion: 77.0.3865.120, chrome: {chromedriverVersion: 77.0.3865.40 (f484704e052e0..., userDataDir: C:\Users\Zeynep\AppData\Loc...}, goog:chromeOptions: {debuggerAddress: localhost:50756}, javascriptEnabled: true, networkConnectionEnabled: false, pageLoadStrategy: normal, platform: XP, platformName: XP, proxy: Proxy(), setWindowRect: true, strictFileInteractability: false, timeouts: {implicit: 0, pageLoad: 300000, script: 30000}, unhandledPromptBehavior: dismiss and notify}
Session ID: 21044c80420cac4d26b321a76c843a4e
*** Element info: {Using=xpath, value=/html/body/div[2]/header/div/div[1]/div[4]/div[2]/div[2]/div/div[2]/a[21]/span}
at sun.reflect.NativeConstructorAccessorImpl.newInstance0(Native Method)
at sun.reflect.NativeConstructorAccessorImpl.newInstance(Unknown Source)
at sun.reflect.DelegatingConstructorAccessorImpl.newInstance(Unknown Source)
at java.lang.reflect.Constructor.newInstance(Unknown Source)
at org.openqa.selenium.remote.http.W3CHttpResponseCodec.createException(W3CHttpResponseCodec.java:187)
at org.openqa.selenium.remote.http.W3CHttpResponseCodec.decode(W3CHttpResponseCodec.java:122)
at org.openqa.selenium.remote.http.W3CHttpResponseCodec.decode(W3CHttpResponseCodec.java:49)
at org.openqa.selenium.remote.HttpCommandExecutor.execute(HttpCommandExecutor.java:158)
at org.openqa.selenium.remote.service.DriverCommandExecutor.execute(DriverCommandExecutor.java:83)
at org.openqa.selenium.remote.RemoteWebDriver.execute(RemoteWebDriver.java:552)
at org.openqa.selenium.remote.RemoteWebDriver.findElement(RemoteWebDriver.java:323)
at org.openqa.selenium.remote.RemoteWebDriver.findElementByXPath(RemoteWebDriver.java:428)
at org.openqa.selenium.By$ByXPath.findElement(By.java:353)
at org.openqa.selenium.remote.RemoteWebDriver.findElement(RemoteWebDriver.java:315)
at base.BaseProcess.xPath(BaseProcess.java:151)
at base.BaseProcess.clickXPath(BaseProcess.java:166)
at TestClass.son(TestClass.java:112)
at sun.reflect.NativeMethodAccessorImpl.invoke0(Native Method)
at sun.reflect.NativeMethodAccessorImpl.invoke(Unknown Source)
at sun.reflect.DelegatingMethodAccessorImpl.invoke(Unknown Source)
at java.lang.reflect.Method.invoke(Unknown Source)
at org.testng.internal.MethodInvocationHelper.invokeMethod(MethodInvocationHelper.java:133)
at org.testng.internal.TestInvoker.invokeMethod(TestInvoker.java:584)
at org.testng.internal.TestInvoker.invokeTestMethod(TestInvoker.java:172)
at org.testng.internal.MethodRunner.runInSequence(MethodRunner.java:46)
at org.testng.internal.TestInvoker$MethodInvocationAgent.invoke(TestInvoker.java:804)
at org.testng.internal.TestInvoker.invokeTestMethods(TestInvoker.java:145)
at org.testng.internal.TestMethodWorker.invokeTestMethods(TestMethodWorker.java:146)
at org.testng.internal.TestMethodWorker.run(TestMethodWorker.java:128)
at java.util.ArrayList.forEach(Unknown Source)
at org.testng.TestRunner.privateRun(TestRunner.java:770)
at org.testng.TestRunner.run(TestRunner.java:591)
at org.testng.SuiteRunner.runTest(SuiteRunner.java:402)
at org.testng.SuiteRunner.runSequentially(SuiteRunner.java:396)
at org.testng.SuiteRunner.privateRun(SuiteRunner.java:355)
at org.testng.SuiteRunner.run(SuiteRunner.java:304)
at org.testng.SuiteRunnerWorker.runSuite(SuiteRunnerWorker.java:53)
at org.testng.SuiteRunnerWorker.run(SuiteRunnerWorker.java:96)
at org.testng.TestNG.runSuitesSequentially(TestNG.java:1180)
at org.testng.TestNG.runSuitesLocally(TestNG.java:1102)
at org.testng.TestNG.runSuites(TestNG.java:1032)
at org.testng.TestNG.run(TestNG.java:1000)
at org.testng.remote.AbstractRemoteTestNG.run(AbstractRemoteTestNG.java:115)
at org.testng.remote.RemoteTestNG.initAndRun(RemoteTestNG.java:251)
at org.testng.remote.RemoteTestNG.main(RemoteTestNG.java:77)
]]>
            </full-stacktrace>
          </exception> <!-- org.openqa.selenium.NoSuchElementException -->
          <reporter-output>
          </reporter-output>
        </test-method> <!-- son -->
      </class> <!-- TestClass -->
    </test> <!-- Default test -->
  </suite> <!-- Default suite -->
</testng-results>
